This is pdfTeXk, Version 3.1415926-1.40.9 (Web2C 7.5.7) (format=pdflatex 2009.9.23)  27 OCT 2009 14:51
entering extended mode
\write18 enabled.
 %&-line parsing enabled.
**example.tex
(./example.tex
LaTeX2e <2005/12/01>
Babel <v3.8l> and hyphenation patterns for english, usenglishmax, dumylang, noh
yphenation, german-x-2008-06-18, ngerman-x-2008-06-18, ancientgreek, ibycus, ar
abic, basque, bulgarian, catalan, pinyin, coptic, croatian, czech, danish, dutc
h, esperanto, estonian, farsi, finnish, french, galician, german, ngerman, mono
greek, greek, hungarian, icelandic, indonesian, interlingua, irish, italian, la
tin, lithuanian, mongolian, mongolian2a, bokmal, nynorsk, polish, portuguese, r
omanian, russian, sanskrit, serbian, slovak, slovenian, spanish, swedish, turki
sh, ukenglish, ukrainian, uppersorbian, welsh, loaded.
(/usr/local/texlive/2008/texmf-dist/tex/latex/base/article.cls
Document Class: article 2005/09/16 v1.4f Standard LaTeX document class
(/usr/local/texlive/2008/texmf-dist/tex/latex/base/size10.clo
File: size10.clo 2005/09/16 v1.4f Standard LaTeX file (size option)
)
\c@part=\count79
\c@section=\count80
\c@subsection=\count81
\c@subsubsection=\count82
\c@paragraph=\count83
\c@subparagraph=\count84
\c@figure=\count85
\c@table=\count86
\abovecaptionskip=\skip41
\belowcaptionskip=\skip42
\bibindent=\dimen102
)
(/usr/local/texlive/2008/texmf-dist/tex/latex/amsmath/amsmath.sty
Package: amsmath 2000/07/18 v2.13 AMS math features
\@mathmargin=\skip43

For additional information on amsmath, use the `?' option.
(/usr/local/texlive/2008/texmf-dist/tex/latex/amsmath/amstext.sty
Package: amstext 2000/06/29 v2.01

(/usr/local/texlive/2008/texmf-dist/tex/latex/amsmath/amsgen.sty
File: amsgen.sty 1999/11/30 v2.0
\@emptytoks=\toks14
\ex@=\dimen103
))
(/usr/local/texlive/2008/texmf-dist/tex/latex/amsmath/amsbsy.sty
Package: amsbsy 1999/11/29 v1.2d
\pmbraise@=\dimen104
)
(/usr/local/texlive/2008/texmf-dist/tex/latex/amsmath/amsopn.sty
Package: amsopn 1999/12/14 v2.01 operator names
)
\inf@bad=\count87
LaTeX Info: Redefining \frac on input line 211.
\uproot@=\count88
\leftroot@=\count89
LaTeX Info: Redefining \overline on input line 307.
\classnum@=\count90
\DOTSCASE@=\count91
LaTeX Info: Redefining \ldots on input line 379.
LaTeX Info: Redefining \dots on input line 382.
LaTeX Info: Redefining \cdots on input line 467.
\Mathstrutbox@=\box26
\strutbox@=\box27
\big@size=\dimen105
LaTeX Font Info:    Redeclaring font encoding OML on input line 567.
LaTeX Font Info:    Redeclaring font encoding OMS on input line 568.
\macc@depth=\count92
\c@MaxMatrixCols=\count93
\dotsspace@=\muskip10
\c@parentequation=\count94
\dspbrk@lvl=\count95
\tag@help=\toks15
\row@=\count96
\column@=\count97
\maxfields@=\count98
\andhelp@=\toks16
\eqnshift@=\dimen106
\alignsep@=\dimen107
\tagshift@=\dimen108
\tagwidth@=\dimen109
\totwidth@=\dimen110
\lineht@=\dimen111
\@envbody=\toks17
\multlinegap=\skip44
\multlinetaggap=\skip45
\mathdisplay@stack=\toks18
LaTeX Info: Redefining \[ on input line 2666.
LaTeX Info: Redefining \] on input line 2667.
)
(./sagetex.sty
Package: sagetex 2009/05/14 v2.1.1 embedding Sage into LaTeX documents
 (/usr/local/texlive/2008/texmf-dist/tex/latex/tools/verbatim.sty
Package: verbatim 2003/08/22 v1.5q LaTeX2e package for verbatim enhancements
\every@verbatim=\toks19
\verbatim@line=\toks20
\verbatim@in@stream=\read1
) (/usr/local/texlive/2008/texmf-dist/tex/latex/graphics/graphicx.sty
Package: graphicx 1999/02/16 v1.0f Enhanced LaTeX Graphics (DPC,SPQR)

(/usr/local/texlive/2008/texmf-dist/tex/latex/graphics/keyval.sty
Package: keyval 1999/03/16 v1.13 key=value parser (DPC)
\KV@toks@=\toks21
)
(/usr/local/texlive/2008/texmf-dist/tex/latex/graphics/graphics.sty
Package: graphics 2006/02/20 v1.0o Standard LaTeX Graphics (DPC,SPQR)

(/usr/local/texlive/2008/texmf-dist/tex/latex/graphics/trig.sty
Package: trig 1999/03/16 v1.09 sin cos tan (DPC)
)
(/usr/local/texlive/2008/texmf/tex/latex/config/graphics.cfg
File: graphics.cfg 2007/01/18 v1.5 graphics configuration of teTeX/TeXLive
)
Package graphics Info: Driver file: pdftex.def on input line 90.

(/usr/local/texlive/2008/texmf-dist/tex/latex/pdftex-def/pdftex.def
File: pdftex.def 2008/09/08 v0.04l Graphics/color for pdfTeX
\Gread@gobject=\count99
))
\Gin@req@height=\dimen112
\Gin@req@width=\dimen113
)
(/usr/local/texlive/2008/texmf-dist/tex/latex/makecmds/makecmds.sty
Package: makecmds 2000/05/27 v1.0 extra command making commands
)
(/usr/local/texlive/2008/texmf-dist/tex/generic/oberdiek/ifpdf.sty
Package: ifpdf 2007/12/12 v1.6 Provides the ifpdf switch (HO)
Package ifpdf Info: pdfTeX in pdf mode detected.
)
(/usr/local/texlive/2008/texmf-dist/tex/latex/base/ifthen.sty
Package: ifthen 2001/05/26 v1.1c Standard LaTeX ifthen package (DPC)
)
\c@ST@inline=\count100
\c@ST@plot=\count101
\sagetexindent=\skip46

No file example.sout.
) (./example.aux)
\openout1 = `example.aux'.

LaTeX Font Info:    Checking defaults for OML/cmm/m/it on input line 25.
LaTeX Font Info:    ... okay on input line 25.
LaTeX Font Info:    Checking defaults for T1/cmr/m/n on input line 25.
LaTeX Font Info:    ... okay on input line 25.
LaTeX Font Info:    Checking defaults for OT1/cmr/m/n on input line 25.
LaTeX Font Info:    ... okay on input line 25.
LaTeX Font Info:    Checking defaults for OMS/cmsy/m/n on input line 25.
LaTeX Font Info:    ... okay on input line 25.
LaTeX Font Info:    Checking defaults for OMX/cmex/m/n on input line 25.
LaTeX Font Info:    ... okay on input line 25.
LaTeX Font Info:    Checking defaults for U/cmr/m/n on input line 25.
LaTeX Font Info:    ... okay on input line 25.

(/usr/local/texlive/2008/texmf-dist/tex/context/base/supp-pdf.tex
[Loading MPS to PDF converter (version 2006.09.02).]
\scratchcounter=\count102
\scratchdimen=\dimen114
\scratchbox=\box28
\nofMPsegments=\count103
\nofMParguments=\count104
\everyMPshowfont=\toks22
\MPscratchCnt=\count105
\MPscratchDim=\dimen115
\MPnumerator=\count106
\everyMPtoPDFconversion=\toks23
)
\ST@sf=\write3
\openout3 = `example.sage'.



LaTeX Warning: Reference `@sageinline0' on page 1 undefined on input line 30.


LaTeX Warning: Reference `@sageinline1' on page 1 undefined on input line 31.


LaTeX Warning: Reference `@sageinline2' on page 1 undefined on input line 33.


LaTeX Warning: Reference `@sageinline3' on page 1 undefined on input line 34.


LaTeX Warning: Reference `@sageinline4' on page 1 undefined on input line 44.


LaTeX Warning: Reference `@sageinline5' on page 1 undefined on input line 46.


LaTeX Warning: Reference `@sageinline6' on page 1 undefined on input line 49.


LaTeX Warning: Reference `@sageinline7' on page 1 undefined on input line 58.


LaTeX Warning: Reference `@sageinline8' on page 1 undefined on input line 59.


LaTeX Warning: Reference `@sageinline9' on page 1 undefined on input line 72.


LaTeX Warning: Reference `@sageinline10' on page 1 undefined on input line 73.


LaTeX Warning: Reference `@sageinline11' on page 1 undefined on input line 80.

[1

{/usr/local/texlive/2008/texmf-var/fonts/map/pdftex/updmap/pdftex.map}]

LaTeX Warning: Reference `@sageinline12' on page 2 undefined on input line 86.


Package sagetex Warning: Graphics file sage-plots-for-example.tex/plot-0.pdf on
 page 2 does not exist. Plot command is on input line 92.


Package sagetex Warning: Graphics file sage-plots-for-example.tex/plot-1.pdf on
 page 2 does not exist. Plot command is on input line 108.


Package sagetex Warning: Graphics file sage-plots-for-example.tex/plot-2.pdf on
 page 2 does not exist. Plot command is on input line 113.


Package sagetex Warning: Graphics file sage-plots-for-example.tex/plot-3.png on
 page 2 does not exist. Plot command is on input line 131.

[2]

Package sagetex Warning: Graphics file sage-plots-for-example.tex/plot-4.pdf on
 page 3 does not exist. Plot command is on input line 141.


Package sagetex Warning: Graphics file sage-plots-for-example.tex/plot-5.pdf on
 page 3 does not exist. Plot command is on input line 144.


Overfull \hbox (13.05267pt too wide) in paragraph at lines 147--147
[] \OT1/cmtt/m/n/10 G4 = DiGraph({1:[2,2,3,5], 2:[3,4], 3:[4], 4:[5,7], 5:[6]},
\[] 
 []


Package sagetex Warning: Graphics file sage-plots-for-example.tex/plot-6.pdf on
 page 3 does not exist. Plot command is on input line 152.


Package sagetex Warning: Graphics file sage-plots-for-example.tex/plot-7.pdf on
 page 3 does not exist. Plot command is on input line 172.

[3]

LaTeX Warning: Reference `@sageinline13' on page 4 undefined on input line 175.



Package sagetex Warning: Graphics file sage-plots-for-example.tex/plot-8.png on
 page 4 does not exist. Plot command is on input line 197.

[4]

LaTeX Warning: Reference `@sageinline15' on page 5 undefined on input line 263.



Package sagetex Warning: There were undefined Sage formulas and/or plots.
Run Sage on example.sage, and then run LaTeX on example.tex again.

[5] (./example.aux)

LaTeX Warning: There were undefined references.

 ) 
Here is how much of TeX's memory you used:
 1702 strings out of 493876
 21041 string characters out of 1150568
 76149 words of memory out of 3000000
 4972 multiletter control sequences out of 10000+50000
 12445 words of font info for 45 fonts, out of 3000000 for 5000
 714 hyphenation exceptions out of 8191
 32i,6n,21p,223b,261s stack positions out of 5000i,500n,10000p,200000b,50000s
</usr/local/texlive/2008/texmf-dist/fonts/type1/bluesky/cm/cmbx10.pfb></usr/l
ocal/texlive/2008/texmf-dist/fonts/type1/bluesky/cm/cmbx12.pfb></usr/local/texl
ive/2008/texmf-dist/fonts/type1/bluesky/cm/cmmi10.pfb></usr/local/texlive/2008/
texmf-dist/fonts/type1/bluesky/cm/cmr10.pfb></usr/local/texlive/2008/texmf-dist
/fonts/type1/bluesky/cm/cmr12.pfb></usr/local/texlive/2008/texmf-dist/fonts/typ
e1/bluesky/cm/cmr17.pfb></usr/local/texlive/2008/texmf-dist/fonts/type1/bluesky
/cm/cmr7.pfb></usr/local/texlive/2008/texmf-dist/fonts/type1/bluesky/cm/cmss10.
pfb></usr/local/texlive/2008/texmf-dist/fonts/type1/bluesky/cm/cmss17.pfb></usr
/local/texlive/2008/texmf-dist/fonts/type1/bluesky/cm/cmsy10.pfb></usr/local/te
xlive/2008/texmf-dist/fonts/type1/bluesky/cm/cmti10.pfb></usr/local/texlive/200
8/texmf-dist/fonts/type1/bluesky/cm/cmtt10.pfb>
Output written on example.pdf (5 pages, 82257 bytes).
PDF statistics:
 66 PDF objects out of 1000 (max. 8388607)
 0 named destinations out of 1000 (max. 131072)
 1 words of extra memory for PDF output out of 10000 (max. 10000000)

