This is pdfTeXk, Version 3.1415926-1.40.9 (Web2C 7.5.7) (format=pdflatex 2009.11.1)  12 NOV 2009 11:22
entering extended mode
\write18 enabled.
 %&-line parsing enabled.
**proyecto-rsa.tex
(./proyecto-rsa.tex
LaTeX2e <2005/12/01>
Babel <v3.8l> and hyphenation patterns for english, usenglishmax, dumylang, noh
yphenation, german-x-2008-06-18, ngerman-x-2008-06-18, ancientgreek, ibycus, ar
abic, basque, bulgarian, catalan, pinyin, coptic, croatian, czech, danish, dutc
h, esperanto, estonian, farsi, finnish, french, galician, german, ngerman, mono
greek, greek, hungarian, icelandic, indonesian, interlingua, irish, italian, la
tin, lithuanian, mongolian, mongolian2a, bokmal, nynorsk, polish, portuguese, r
omanian, russian, sanskrit, serbian, slovak, slovenian, spanish, swedish, turki
sh, ukenglish, ukrainian, uppersorbian, welsh, loaded.
(/usr/local/texlive/2008/texmf-dist/tex/latex/base/article.cls
Document Class: article 2005/09/16 v1.4f Standard LaTeX document class
(/usr/local/texlive/2008/texmf-dist/tex/latex/base/size10.clo
File: size10.clo 2005/09/16 v1.4f Standard LaTeX file (size option)
)
\c@part=\count79
\c@section=\count80
\c@subsection=\count81
\c@subsubsection=\count82
\c@paragraph=\count83
\c@subparagraph=\count84
\c@figure=\count85
\c@table=\count86
\abovecaptionskip=\skip41
\belowcaptionskip=\skip42
\bibindent=\dimen102
)
(/usr/local/texlive/2008/texmf-dist/tex/latex/amsmath/amsmath.sty
Package: amsmath 2000/07/18 v2.13 AMS math features
\@mathmargin=\skip43

For additional information on amsmath, use the `?' option.
(/usr/local/texlive/2008/texmf-dist/tex/latex/amsmath/amstext.sty
Package: amstext 2000/06/29 v2.01

(/usr/local/texlive/2008/texmf-dist/tex/latex/amsmath/amsgen.sty
File: amsgen.sty 1999/11/30 v2.0
\@emptytoks=\toks14
\ex@=\dimen103
))
(/usr/local/texlive/2008/texmf-dist/tex/latex/amsmath/amsbsy.sty
Package: amsbsy 1999/11/29 v1.2d
\pmbraise@=\dimen104
)
(/usr/local/texlive/2008/texmf-dist/tex/latex/amsmath/amsopn.sty
Package: amsopn 1999/12/14 v2.01 operator names
)
\inf@bad=\count87
LaTeX Info: Redefining \frac on input line 211.
\uproot@=\count88
\leftroot@=\count89
LaTeX Info: Redefining \overline on input line 307.
\classnum@=\count90
\DOTSCASE@=\count91
LaTeX Info: Redefining \ldots on input line 379.
LaTeX Info: Redefining \dots on input line 382.
LaTeX Info: Redefining \cdots on input line 467.
\Mathstrutbox@=\box26
\strutbox@=\box27
\big@size=\dimen105
LaTeX Font Info:    Redeclaring font encoding OML on input line 567.
LaTeX Font Info:    Redeclaring font encoding OMS on input line 568.
\macc@depth=\count92
\c@MaxMatrixCols=\count93
\dotsspace@=\muskip10
\c@parentequation=\count94
\dspbrk@lvl=\count95
\tag@help=\toks15
\row@=\count96
\column@=\count97
\maxfields@=\count98
\andhelp@=\toks16
\eqnshift@=\dimen106
\alignsep@=\dimen107
\tagshift@=\dimen108
\tagwidth@=\dimen109
\totwidth@=\dimen110
\lineht@=\dimen111
\@envbody=\toks17
\multlinegap=\skip44
\multlinetaggap=\skip45
\mathdisplay@stack=\toks18
LaTeX Info: Redefining \[ on input line 2666.
LaTeX Info: Redefining \] on input line 2667.
)
(/usr/local/texlive/2008/texmf-dist/tex/latex/amsfonts/amsfonts.sty
Package: amsfonts 2001/10/25 v2.2f
\symAMSa=\mathgroup4
\symAMSb=\mathgroup5
LaTeX Font Info:    Overwriting math alphabet `\mathfrak' in version `bold'
(Font)                  U/euf/m/n --> U/euf/b/n on input line 132.
)
(/usr/local/texlive/2008/texmf-dist/tex/latex/amscls/amsthm.sty
Package: amsthm 2004/08/06 v2.20
\thm@style=\toks19
\thm@bodyfont=\toks20
\thm@headfont=\toks21
\thm@notefont=\toks22
\thm@headpunct=\toks23
\thm@preskip=\skip46
\thm@postskip=\skip47
\thm@headsep=\skip48
\dth@everypar=\toks24
)
(/usr/local/texlive/2008/texmf-dist/tex/latex/amsfonts/amssymb.sty
Package: amssymb 2002/01/22 v2.2d
)
(/usr/local/texlive/2008/texmf-dist/tex/latex/setspace/setspace.sty
Package: setspace 2000/12/01 6.7 Contributed and Supported LaTeX2e package

Package: `setspace' 6.7 <2000/12/01>
) (/usr/local/texlive/2008/texmf-dist/tex/latex/Tabbing/Tabbing.sty
Package: Tabbing 1997/12/18 v1.0 Tabbing environment (JPFD)
)
(/usr/local/texlive/2008/texmf-dist/tex/latex/fancyhdr/fancyhdr.sty
\fancy@headwidth=\skip49
\f@ncyO@elh=\skip50
\f@ncyO@erh=\skip51
\f@ncyO@olh=\skip52
\f@ncyO@orh=\skip53
\f@ncyO@elf=\skip54
\f@ncyO@erf=\skip55
\f@ncyO@olf=\skip56
\f@ncyO@orf=\skip57
)
(/usr/local/texlive/2008/texmf-dist/tex/latex/lastpage/lastpage.sty
Package: lastpage 1994/06/25 v0.1b LaTeX2e package for refs to last page number
 (JPG)
)
(/usr/local/texlive/2008/texmf-dist/tex/latex/fancyhdr/extramarks.sty
\@temptokenb=\toks25
)
(/usr/local/texlive/2008/texmf-dist/tex/latex/ltxmisc/chngpage.sty
Package: chngpage 2003/08/10 v1.2 change page layout
\c@cp@cnt=\count99
\c@cp@tempcnt=\count100
)
(/usr/local/texlive/2008/texmf-dist/tex/latex/soul/soul.sty
Package: soul 2003/11/17 v2.4 letterspacing/underlining (mf)
\SOUL@word=\toks26
\SOUL@lasttoken=\toks27
\SOUL@cmds=\toks28
\SOUL@buffer=\toks29
\SOUL@token=\toks30
\SOUL@spaceskip=\skip58
\SOUL@ttwidth=\dimen112
\SOUL@uldp=\dimen113
\SOUL@ulht=\dimen114
)
(/usr/local/texlive/2008/texmf-dist/tex/latex/graphics/color.sty
Package: color 2005/11/14 v1.0j Standard LaTeX Color (DPC)

(/usr/local/texlive/2008/texmf/tex/latex/config/color.cfg
File: color.cfg 2007/01/18 v1.5 color configuration of teTeX/TeXLive
)
Package color Info: Driver file: pdftex.def on input line 130.

(/usr/local/texlive/2008/texmf-dist/tex/latex/pdftex-def/pdftex.def
File: pdftex.def 2008/09/08 v0.04l Graphics/color for pdfTeX
\Gread@gobject=\count101
))
(/usr/local/texlive/2008/texmf-dist/tex/latex/sagetex/sagetex.sty
Package: sagetex 2008/03/12 v1.4 embedding Sage into LaTeX documents

(/usr/local/texlive/2008/texmf-dist/tex/latex/tools/verbatim.sty
Package: verbatim 2003/08/22 v1.5q LaTeX2e package for verbatim enhancements
\every@verbatim=\toks31
\verbatim@line=\toks32
\verbatim@in@stream=\read1
)
(/usr/local/texlive/2008/texmf-dist/tex/latex/graphics/graphicx.sty
Package: graphicx 1999/02/16 v1.0f Enhanced LaTeX Graphics (DPC,SPQR)

(/usr/local/texlive/2008/texmf-dist/tex/latex/graphics/keyval.sty
Package: keyval 1999/03/16 v1.13 key=value parser (DPC)
\KV@toks@=\toks33
)
(/usr/local/texlive/2008/texmf-dist/tex/latex/graphics/graphics.sty
Package: graphics 2006/02/20 v1.0o Standard LaTeX Graphics (DPC,SPQR)

(/usr/local/texlive/2008/texmf-dist/tex/latex/graphics/trig.sty
Package: trig 1999/03/16 v1.09 sin cos tan (DPC)
)
(/usr/local/texlive/2008/texmf/tex/latex/config/graphics.cfg
File: graphics.cfg 2007/01/18 v1.5 graphics configuration of teTeX/TeXLive
)
Package graphics Info: Driver file: pdftex.def on input line 90.
)
\Gin@req@height=\dimen115
\Gin@req@width=\dimen116
)
(/usr/local/texlive/2008/texmf-dist/tex/latex/makecmds/makecmds.sty
Package: makecmds 2000/05/27 v1.0 extra command making commands
)
(/usr/local/texlive/2008/texmf-dist/tex/generic/oberdiek/ifpdf.sty
Package: ifpdf 2007/12/12 v1.6 Provides the ifpdf switch (HO)
Package ifpdf Info: pdfTeX in pdf mode detected.
)
(/usr/local/texlive/2008/texmf-dist/tex/latex/base/ifthen.sty
Package: ifthen 2001/05/26 v1.1c Standard LaTeX ifthen package (DPC)
)
\c@ST@inline=\count102
\c@ST@plot=\count103
\sagetexindent=\skip59
\ST@sf=\write3
\openout3 = `proyecto-rsa.sage'.

)
(/usr/local/texlive/2008/texmf-dist/tex/latex/float/float.sty
Package: float 2001/11/08 v1.3d Float enhancements (AL)
\c@float@type=\count104
\float@exts=\toks34
\float@box=\box28
\@float@everytoks=\toks35
\@floatcapt=\box29
)
(/usr/local/texlive/2008/texmf-dist/tex/latex/wrapfig/wrapfig.sty
\wrapoverhang=\dimen117
\WF@size=\dimen118
\c@WF@wrappedlines=\count105
\WF@box=\box30
\WF@everypar=\toks36
Package: wrapfig 2003/01/31  v 3.6
)
\labelLength=\skip60
\c@homeworkProblemCounter=\count106
\homeworkSectionLabelLength=\skip61

(./proyecto-rsa.aux)
\openout1 = `proyecto-rsa.aux'.

LaTeX Font Info:    Checking defaults for OML/cmm/m/it on input line 122.
LaTeX Font Info:    ... okay on input line 122.
LaTeX Font Info:    Checking defaults for T1/cmr/m/n on input line 122.
LaTeX Font Info:    ... okay on input line 122.
LaTeX Font Info:    Checking defaults for OT1/cmr/m/n on input line 122.
LaTeX Font Info:    ... okay on input line 122.
LaTeX Font Info:    Checking defaults for OMS/cmsy/m/n on input line 122.
LaTeX Font Info:    ... okay on input line 122.
LaTeX Font Info:    Checking defaults for OMX/cmex/m/n on input line 122.
LaTeX Font Info:    ... okay on input line 122.
LaTeX Font Info:    Checking defaults for U/cmr/m/n on input line 122.
LaTeX Font Info:    ... okay on input line 122.

(/usr/local/texlive/2008/texmf-dist/tex/context/base/supp-pdf.tex
[Loading MPS to PDF converter (version 2006.09.02).]
\scratchcounter=\count107
\scratchdimen=\dimen119
\scratchbox=\box31
\nofMPsegments=\count108
\nofMParguments=\count109
\everyMPshowfont=\toks37
\MPscratchCnt=\count110
\MPscratchDim=\dimen120
\MPnumerator=\count111
\everyMPtoPDFconversion=\toks38
)
LaTeX Font Info:    Try loading font information for U+msa on input line 124.
 (/usr/local/texlive/2008/texmf-dist/tex/latex/amsfonts/umsa.fd
File: umsa.fd 2002/01/19 v2.2g AMS font definitions
)
LaTeX Font Info:    Try loading font information for U+msb on input line 124.

(/usr/local/texlive/2008/texmf-dist/tex/latex/amsfonts/umsb.fd
File: umsb.fd 2002/01/19 v2.2g AMS font definitions
) [1

{/usr/local/texlive/2008/texmf-var/fonts/map/pdftex/updmap/pdftex.map}]

LaTeX Warning: Characters dropped after `\end{sageblock}' on input line 221.

[2]
Overfull \hbox (36.29124pt too wide) in paragraph at lines 252--253
\OT1/cmr/m/n/10 Nuestra llave pri-vada es, la tripleta $(\OML/cmm/m/it/10 p[]; 
p[]; d\OT1/cmr/m/n/10 )$ = $(2305843009213693951\OML/cmm/m/it/10 ; \OT1/cmr/m/n
/10 2147483647\OML/cmm/m/it/10 ; \OT1/cmr/m/n/10 4077920125612805357425763753)$
 
 []


Overfull \hbox (11.63715pt too wide) in paragraph at lines 314--315
\OT1/cmr/m/n/10 Para en-crip-tar $\OML/cmm/m/it/10 m \OT1/cmr/m/n/10 = 80856772
736765$ , nece-sitare-mos nues-tra llave p^^Sublica $(4951760154835678088235319
297\OML/cmm/m/it/10 ; \OT1/cmr/m/n/10 17)$,
 []

[3]
Overfull \hbox (19.01865pt too wide) in paragraph at lines 325--325
[] \OT1/cmtt/m/n/10 sage: desencriptado = get_rsa_number_decryption(41759766978
33683195181896730,private_key)[] 
 []

AED: lastpage setting LastPage [4] (./proyecto-rsa.aux) ) 
Here is how much of TeX's memory you used:
 2626 strings out of 493876
 33125 string characters out of 1150568
 90871 words of memory out of 3000000
 5842 multiletter control sequences out of 10000+50000
 12638 words of font info for 49 fonts, out of 3000000 for 5000
 714 hyphenation exceptions out of 8191
 32i,13n,43p,274b,350s stack positions out of 5000i,500n,10000p,200000b,50000s
</usr/local/texlive/20
08/texmf-dist/fonts/type1/bluesky/cm/cmbx12.pfb></usr/local/texlive/2008/texmf-
dist/fonts/type1/bluesky/cm/cmmi10.pfb></usr/local/texlive/2008/texmf-dist/font
s/type1/bluesky/cm/cmmi12.pfb></usr/local/texlive/2008/texmf-dist/fonts/type1/b
luesky/cm/cmmi7.pfb></usr/local/texlive/2008/texmf-dist/fonts/type1/bluesky/cm/
cmr10.pfb></usr/local/texlive/2008/texmf-dist/fonts/type1/bluesky/cm/cmr12.pfb>
</usr/local/texlive/2008/texmf-dist/fonts/type1/bluesky/cm/cmr7.pfb></usr/local
/texlive/2008/texmf-dist/fonts/type1/bluesky/cm/cmr8.pfb></usr/local/texlive/20
08/texmf-dist/fonts/type1/bluesky/cm/cmr9.pfb></usr/local/texlive/2008/texmf-di
st/fonts/type1/bluesky/cm/cmsy10.pfb></usr/local/texlive/2008/texmf-dist/fonts/
type1/bluesky/cm/cmti12.pfb></usr/local/texlive/2008/texmf-dist/fonts/type1/blu
esky/cm/cmtt10.pfb></usr/local/texlive/2008/texmf-dist/fonts/type1/bluesky/ams/
msbm10.pfb>
Output written on proyecto-rsa.pdf (4 pages, 79052 bytes).
PDF statistics:
 67 PDF objects out of 1000 (max. 8388607)
 0 named destinations out of 1000 (max. 131072)
 1 words of extra memory for PDF output out of 10000 (max. 10000000)

