This is pdfTeXk, Version 3.1415926-1.40.9 (Web2C 7.5.7) (format=pdflatex 2009.11.1)  21 MAY 2010 02:50
entering extended mode
\write18 enabled.
 %&-line parsing enabled.
**reporte.tex
(./reporte.tex
LaTeX2e <2005/12/01>
Babel <v3.8l> and hyphenation patterns for english, usenglishmax, dumylang, noh
yphenation, german-x-2008-06-18, ngerman-x-2008-06-18, ancientgreek, ibycus, ar
abic, basque, bulgarian, catalan, pinyin, coptic, croatian, czech, danish, dutc
h, esperanto, estonian, farsi, finnish, french, galician, german, ngerman, mono
greek, greek, hungarian, icelandic, indonesian, interlingua, irish, italian, la
tin, lithuanian, mongolian, mongolian2a, bokmal, nynorsk, polish, portuguese, r
omanian, russian, sanskrit, serbian, slovak, slovenian, spanish, swedish, turki
sh, ukenglish, ukrainian, uppersorbian, welsh, loaded.
(/usr/local/texlive/2008/texmf-dist/tex/latex/base/report.cls
Document Class: report 2005/09/16 v1.4f Standard LaTeX document class
(/usr/local/texlive/2008/texmf-dist/tex/latex/base/size10.clo
File: size10.clo 2005/09/16 v1.4f Standard LaTeX file (size option)
)
\c@part=\count79
\c@chapter=\count80
\c@section=\count81
\c@subsection=\count82
\c@subsubsection=\count83
\c@paragraph=\count84
\c@subparagraph=\count85
\c@figure=\count86
\c@table=\count87
\abovecaptionskip=\skip41
\belowcaptionskip=\skip42
\bibindent=\dimen102
)
(/usr/local/texlive/2008/texmf-dist/tex/generic/babel/babel.sty
Package: babel 2008/07/06 v3.8l The Babel package

(/usr/local/texlive/2008/texmf-dist/tex/generic/babel/spanish.ldf
Language: spanish.ldf 2008/07/06 v5.0e Spanish support from the babel system

(/usr/local/texlive/2008/texmf-dist/tex/generic/babel/babel.def
File: babel.def 2008/07/06 v3.8l Babel common definitions
\babel@savecnt=\count88
\U@D=\dimen103
)
\es@datefmt=\count89
\es@quottoks=\toks14
\es@quotdepth=\count90
Package babel Info: Making " an active character on input line 490.
Package babel Info: Making . an active character on input line 583.
Package babel Info: Making < an active character on input line 628.
Package babel Info: Making > an active character on input line 628.
))
(/usr/local/texlive/2008/texmf-dist/tex/latex/ltxmisc/url.sty
\Urlmuskip=\muskip10
Package: url 2006/04/12  ver 3.3  Verb mode for urls, etc.
)
(/usr/local/texlive/2008/texmf-dist/tex/latex/sectsty/sectsty.sty
Package: sectsty 2002/02/25 v2.0.2 Commands to change all sectional heading sty
les
)
(./reporte.aux (./intro.aux) (./proyecto-desc.aux)
(./srs-propuesta-administrativa.aux) (./srs-propuesta-tecnica.aux)
(./srs-analisis-costo-beneficio.aux) (./srs-solucion-propuesta.aux)
(./recomendaciones-conclusiones.aux) (./referencias.aux))
\openout1 = `reporte.aux'.

LaTeX Font Info:    Checking defaults for OML/cmm/m/it on input line 12.
LaTeX Font Info:    ... okay on input line 12.
LaTeX Font Info:    Checking defaults for T1/cmr/m/n on input line 12.
LaTeX Font Info:    ... okay on input line 12.
LaTeX Font Info:    Checking defaults for OT1/cmr/m/n on input line 12.
LaTeX Font Info:    ... okay on input line 12.
LaTeX Font Info:    Checking defaults for OMS/cmsy/m/n on input line 12.
LaTeX Font Info:    ... okay on input line 12.
LaTeX Font Info:    Checking defaults for OMX/cmex/m/n on input line 12.
LaTeX Font Info:    ... okay on input line 12.
LaTeX Font Info:    Checking defaults for U/cmr/m/n on input line 12.
LaTeX Font Info:    ... okay on input line 12.
LaTeX Font Info:    External font `cmex10' loaded for size
(Font)              <12> on input line 18.
LaTeX Font Info:    External font `cmex10' loaded for size
(Font)              <8> on input line 18.
LaTeX Font Info:    External font `cmex10' loaded for size
(Font)              <6> on input line 18.
 [1

{/usr/local/texlive/2008/texmf-var/fonts/map/pdftex/updmap/pdftex.map}] (./repo
rte.toc
LaTeX Font Info:    External font `cmex10' loaded for size
(Font)              <7> on input line 2.
LaTeX Font Info:    External font `cmex10' loaded for size
(Font)              <5> on input line 2.
)
\tf@toc=\write3
\openout3 = `reporte.toc'.

 [1

]
[1]
\openout2 = `intro.aux'.

 (./intro.tex) [1


]
\openout2 = `proyecto-desc.aux'.

 (./proyecto-desc.tex) [2



]
\openout2 = `srs-propuesta-administrativa.aux'.


(./srs-propuesta-administrativa.tex
Cap\'{\i }tulo 1.
) [3



]
\openout2 = `srs-propuesta-tecnica.aux'.

 (./srs-propuesta-tecnica.tex [4


] [5] [6]) [7]
\openout2 = `srs-analisis-costo-beneficio.aux'.


(./srs-analisis-costo-beneficio.tex) [8


]
\openout2 = `srs-solucion-propuesta.aux'.

 (./srs-solucion-propuesta.tex)
[9


]
\openout2 = `recomendaciones-conclusiones.aux'.

 (./recomendaciones-conclusiones.tex) [10


]
\openout2 = `referencias.aux'.

 (./referencias.tex
Underfull \hbox (badness 10000) in paragraph at lines 2--3
\OT1/cmtt/m/n/10 http : / / www . wolframalpha . com / input / ?i = population 
+ of + Guatemala +
 []

) [11



] (./reporte.aux (./intro.aux) (./proyecto-desc.aux)
(./srs-propuesta-administrativa.aux) (./srs-propuesta-tecnica.aux)
(./srs-analisis-costo-beneficio.aux) (./srs-solucion-propuesta.aux)
(./recomendaciones-conclusiones.aux) (./referencias.aux)) ) 
Here is how much of TeX's memory you used:
 1115 strings out of 493876
 14206 string characters out of 1150568
 70382 words of memory out of 3000000
 4384 multiletter control sequences out of 10000+50000
 9621 words of font info for 34 fonts, out of 3000000 for 5000
 714 hyphenation exceptions out of 8191
 24i,7n,27p,631b,260s stack positions out of 5000i,500n,10000p,200000b,50000s
</usr/local/texlive/
2008/texmf-dist/fonts/type1/bluesky/cm/cmbx10.pfb></usr/local/texlive/2008/texm
f-dist/fonts/type1/bluesky/cm/cmbx12.pfb></usr/local/texlive/2008/texmf-dist/fo
nts/type1/bluesky/cm/cmr10.pfb></usr/local/texlive/2008/texmf-dist/fonts/type1/
bluesky/cm/cmr12.pfb></usr/local/texlive/2008/texmf-dist/fonts/type1/bluesky/cm
/cmr17.pfb></usr/local/texlive/2008/texmf-dist/fonts/type1/bluesky/cm/cmti10.pf
b></usr/local/texlive/2008/texmf-dist/fonts/type1/bluesky/cm/cmtt10.pfb>
Output written on reporte.pdf (14 pages, 76233 bytes).
PDF statistics:
 76 PDF objects out of 1000 (max. 8388607)
 0 named destinations out of 1000 (max. 131072)
 1 words of extra memory for PDF output out of 10000 (max. 10000000)

